#
# A fatal error has been detected by the Java Runtime Environment:
#
#  EXCEPTION_ACCESS_VIOLATION (0xc0000005) at pc=0x000000005f4f8f45, pid=8584, tid=12236
#
# JRE version: Java(TM) SE Runtime Environment (8.0_91-b15) (build 1.8.0_91-b15)
# Java VM: Java HotSpot(TM) 64-Bit Server VM (25.91-b15 mixed mode windows-amd64 compressed oops)
# Problematic frame:
# V  [jvm.dll+0x128f45]
#
# Failed to write core dump. Minidumps are not enabled by default on client versions of Windows
#
# If you would like to submit a bug report, please visit:
#   http://bugreport.java.com/bugreport/crash.jsp
#

---------------  T H R E A D  ---------------

Current thread (0x0000000017485800):  JavaThread "JDWP Transport Listener: dt_socket" daemon [_thread_in_vm, id=12236, stack(0x0000000018ea0000,0x0000000018fa0000)]

siginfo: ExceptionCode=0xc0000005, reading address 0xffffffffffffffff

Registers:
RAX=0x0000000018f9f601, RBX=0x0000000017485800, RCX=0x4c003b6e6f697463, RDX=0x0000000000000000
RSP=0x0000000018f9f5d0, RBP=0x4c003b6e6f697463, RSI=0x0000000018f9f6e8, RDI=0x0000000000b78a90
R8 =0x0000000017485800, R9 =0x0000000000008000, R10=0x0000000000000000, R11=0x0000000018f9f902
R12=0x0000000000000000, R13=0x0000000017486538, R14=0x0000000000000000, R15=0x0000000000000000
RIP=0x000000005f4f8f45, EFLAGS=0x0000000000010206

Top of Stack: (sp=0x0000000018f9f5d0)
0x0000000018f9f5d0:   0000000017485800 0000000017485800
0x0000000018f9f5e0:   0000000018f9f698 000000005f6ff32b
0x0000000018f9f5f0:   0000000017485800 000000005f71bb8d
0x0000000018f9f600:   0000000000000000 000000005f1f9155
0x0000000018f9f610:   00000000174a8f28 000000005f20291e
0x0000000018f9f620:   0000000017485800 0000000000000000
0x0000000018f9f630:   0000000000000000 0000000000000000
0x0000000018f9f640:   4c003b6e6f697463 000000005f201a15
0x0000000018f9f650:   0000000018f9f6e8 0000000018f9f6c0
0x0000000018f9f660:   0000000000000001 00000000174a8f28
0x0000000018f9f670:   4c003b6e6f697463 000000005f1e53b3
0x0000000018f9f680:   0000000018f9f7b0 0000000000000001
0x0000000018f9f690:   0000000000000001 00000000174a8f28
0x0000000018f9f6a0:   0000000000000009 0000000000000000
0x0000000018f9f6b0:   0000000000000000 0000000000000000
0x0000000018f9f6c0:   0000000000000001 000000005f1e5571 

Instructions: (pc=0x000000005f4f8f45)
0x000000005f4f8f25:   cc cc cc cc cc cc cc cc cc cc cc 48 83 ec 28 48
0x000000005f4f8f35:   85 c9 75 07 33 c0 48 83 c4 28 c3 48 89 5c 24 20
0x000000005f4f8f45:   48 8b 19 48 85 db 74 20 48 83 fb 37 74 1a 48 8b
0x000000005f4f8f55:   13 48 8b cb ff 52 10 84 c0 74 0d 48 8b c3 48 8b 


Register to memory mapping:

RAX=0x0000000018f9f601 is pointing into the stack for thread: 0x0000000017485800
RBX=0x0000000017485800 is a thread
RCX=0x4c003b6e6f697463 is an unknown value
RDX=0x0000000000000000 is an unknown value
RSP=0x0000000018f9f5d0 is pointing into the stack for thread: 0x0000000017485800
RBP=0x4c003b6e6f697463 is an unknown value
RSI=0x0000000018f9f6e8 is pointing into the stack for thread: 0x0000000017485800
RDI=0x0000000000b78a90 is an unknown value
R8 =0x0000000017485800 is a thread
R9 =0x0000000000008000 is an unknown value
R10=0x0000000000000000 is an unknown value
R11=0x0000000018f9f902 is pointing into the stack for thread: 0x0000000017485800
R12=0x0000000000000000 is an unknown value
R13=0x0000000017486538 is an unknown value
R14=0x0000000000000000 is an unknown value
R15=0x0000000000000000 is an unknown value


Stack: [0x0000000018ea0000,0x0000000018fa0000],  sp=0x0000000018f9f5d0,  free space=1021k
Native frames: (J=compiled Java code, j=interpreted, Vv=VM code, C=native code)
V  [jvm.dll+0x128f45]
V  [jvm.dll+0x34bb8d]
C  [jdwp.dll+0x21a15]
C  [jdwp.dll+0x53b3]
C  [jdwp.dll+0x5571]
C  [jdwp.dll+0xf0a8]
C  [jdwp.dll+0x1f2d5]
C  [jdwp.dll+0x1f4aa]
V  [jvm.dll+0x1bbf38]
V  [jvm.dll+0x243ae4]
V  [jvm.dll+0x29a99a]
C  [msvcr100.dll+0x21d9f]
C  [msvcr100.dll+0x21e3b]
C  [KERNEL32.DLL+0x8364]
C  [ntdll.dll+0x670d1]


---------------  P R O C E S S  ---------------

Java Threads: ( => current thread )
  0x00000000174de800 JavaThread "Service Thread" daemon [_thread_blocked, id=4900, stack(0x00000000198a0000,0x00000000199a0000)]
  0x00000000174dd800 JavaThread "C1 CompilerThread2" daemon [_thread_blocked, id=11340, stack(0x00000000197a0000,0x00000000198a0000)]
  0x00000000174dd000 JavaThread "C2 CompilerThread1" daemon [_thread_blocked, id=8480, stack(0x00000000196a0000,0x00000000197a0000)]
  0x00000000174a9800 JavaThread "C2 CompilerThread0" daemon [_thread_blocked, id=7240, stack(0x00000000191a0000,0x00000000192a0000)]
  0x0000000017499800 JavaThread "JDWP Command Reader" daemon [_thread_in_native, id=10680, stack(0x00000000190a0000,0x00000000191a0000)]
  0x0000000017498000 JavaThread "JDWP Event Helper Thread" daemon [_thread_blocked, id=10868, stack(0x0000000018fa0000,0x00000000190a0000)]
=>0x0000000017485800 JavaThread "JDWP Transport Listener: dt_socket" daemon [_thread_in_vm, id=12236, stack(0x0000000018ea0000,0x0000000018fa0000)]
  0x000000001747d000 JavaThread "Attach Listener" daemon [_thread_blocked, id=11460, stack(0x00000000189d0000,0x0000000018ad0000)]
  0x000000001747c000 JavaThread "Signal Dispatcher" daemon [_thread_blocked, id=2000, stack(0x00000000188d0000,0x00000000189d0000)]
  0x000000001746a800 JavaThread "Finalizer" daemon [_thread_blocked, id=5904, stack(0x00000000186e0000,0x00000000187e0000)]
  0x0000000002950000 JavaThread "Reference Handler" daemon [_thread_blocked, id=9612, stack(0x00000000185e0000,0x00000000186e0000)]
  0x0000000002862800 JavaThread "main" [_thread_blocked, id=7300, stack(0x0000000002760000,0x0000000002860000)]

Other Threads:
  0x0000000017447800 VMThread [stack: 0x00000000184e0000,0x00000000185e0000] [id=2184]
  0x00000000192d3800 WatcherThread [stack: 0x00000000199a0000,0x0000000019aa0000] [id=10456]

VM state:not at safepoint (normal execution)

VM Mutex/Monitor currently owned by a thread: None

Heap:
 PSYoungGen      total 38400K, used 1996K [0x00000000d5f80000, 0x00000000d8a00000, 0x0000000100000000)
  eden space 33280K, 6% used [0x00000000d5f80000,0x00000000d6173360,0x00000000d8000000)
  from space 5120K, 0% used [0x00000000d8500000,0x00000000d8500000,0x00000000d8a00000)
  to   space 5120K, 0% used [0x00000000d8000000,0x00000000d8000000,0x00000000d8500000)
 ParOldGen       total 87552K, used 0K [0x0000000081e00000, 0x0000000087380000, 0x00000000d5f80000)
  object space 87552K, 0% used [0x0000000081e00000,0x0000000081e00000,0x0000000087380000)
 Metaspace       used 2579K, capacity 4498K, committed 4864K, reserved 1056768K
  class space    used 285K, capacity 386K, committed 512K, reserved 1048576K

Card table byte_map: [0x0000000011d20000,0x0000000012120000] byte_map_base: 0x0000000011911000

Marking Bits: (ParMarkBitMap*) 0x000000005fbe2f70
 Begin Bits: [0x00000000127d0000, 0x0000000014758000)
 End Bits:   [0x0000000014758000, 0x00000000166e0000)

Polling page: 0x0000000000ba0000

CodeCache: size=245760Kb used=1101Kb max_used=1103Kb free=244658Kb
 bounds [0x0000000002960000, 0x0000000002bd0000, 0x0000000011960000]
 total_blobs=250 nmethods=27 adapters=145
 compilation: enabled

Compilation events (10 events):
Event: 0.237 Thread 0x00000000174dd800 nmethod 23 0x0000000002a70510 code [0x0000000002a70680, 0x0000000002a70a08]
Event: 0.237 Thread 0x00000000174dd800   24       3       java.lang.String::getChars (62 bytes)
Event: 0.237 Thread 0x00000000174a9800 nmethod 21 0x0000000002a73910 code [0x0000000002a73a60, 0x0000000002a73b58]
Event: 0.237 Thread 0x00000000174dd800 nmethod 24 0x0000000002a72fd0 code [0x0000000002a731a0, 0x0000000002a73658]
Event: 0.237 Thread 0x00000000174dd800   25       3       java.io.WinNTFileSystem::isSlash (18 bytes)
Event: 0.237 Thread 0x00000000174dd800 nmethod 25 0x0000000002a72c10 code [0x0000000002a72d60, 0x0000000002a72f50]
Event: 0.237 Thread 0x00000000174dd800   26  s    3       java.lang.StringBuffer::append (13 bytes)
Event: 0.238 Thread 0x00000000174dd800 nmethod 26 0x0000000002a72310 code [0x0000000002a724a0, 0x0000000002a729a8]
Event: 0.242 Thread 0x00000000174dd800   27       3       java.lang.AbstractStringBuilder::append (50 bytes)
Event: 0.243 Thread 0x00000000174dd800 nmethod 27 0x0000000002a71290 code [0x0000000002a71420, 0x0000000002a71928]

GC Heap History (0 events):
No events

Deoptimization events (0 events):
No events

Internal exceptions (2 events):
Event: 0.049 Thread 0x0000000002862800 Exception <a 'java/lang/NoSuchMethodError': Method sun.misc.Unsafe.defineClass(Ljava/lang/String;[BII)Ljava/lang/Class; name or signature does not match> (0x00000000d5f87cc0) thrown at [C:\re\workspace\8-2-build-windows-amd64-cygwin\jdk8u91\7017\hotspot\sroÇk€ó©?
Event: 0.049 Thread 0x0000000002862800 Exception <a 'java/lang/NoSuchMethodError': Method sun.misc.Unsafe.prefetchRead(Ljava/lang/Object;J)V name or signature does not match> (0x00000000d5f87fa8) thrown at [C:\re\workspace\8-2-build-windows-amd64-cygwin\jdk8u91\7017\hotspot\src\share\vm\prims\j

Events (10 events):
Event: 0.248 loading class com/heuber/TO/GrupoTO
Event: 0.248 loading class com/heuber/TO/GrupoTO done
Event: 0.249 loading class java/lang/Void
Event: 0.249 loading class java/lang/Void done
Event: 0.280 Executing VM operation: GetOrSetLocal
Event: 0.280 Executing VM operation: GetOrSetLocal done
Event: 4.259 Executing VM operation: EnableBiasedLocking
Event: 4.259 Executing VM operation: EnableBiasedLocking done
Event: 240.116 Executing VM operation: RedefineClasses
Event: 240.116 Executing VM operation: RedefineClasses done


Dynamic libraries:
0x00007ff6b9150000 - 0x00007ff6b9187000 	C:\Program Files\Java\jre1.8.0_91\bin\javaw.exe
0x00007ffc0ba60000 - 0x00007ffc0bc31000 	C:\WINDOWS\SYSTEM32\ntdll.dll
0x00007ffc0b8a0000 - 0x00007ffc0b94b000 	C:\WINDOWS\System32\KERNEL32.DLL
0x00007ffc07fb0000 - 0x00007ffc081cd000 	C:\WINDOWS\System32\KERNELBASE.dll
0x00007ffc06460000 - 0x00007ffc064da000 	C:\WINDOWS\system32\apphelp.dll
0x00007ffc0abc0000 - 0x00007ffc0ac62000 	C:\WINDOWS\System32\ADVAPI32.dll
0x00007ffc0b9c0000 - 0x00007ffc0ba5e000 	C:\WINDOWS\System32\msvcrt.dll
0x00007ffc0b950000 - 0x00007ffc0b9a9000 	C:\WINDOWS\System32\sechost.dll
0x00007ffc09190000 - 0x00007ffc092b1000 	C:\WINDOWS\System32\RPCRT4.dll
0x00007ffc09020000 - 0x00007ffc09185000 	C:\WINDOWS\System32\USER32.dll
0x00007ffc08d10000 - 0x00007ffc08d2e000 	C:\WINDOWS\System32\win32u.dll
0x00007ffc0adb0000 - 0x00007ffc0ade4000 	C:\WINDOWS\System32\GDI32.dll
0x00007ffc081d0000 - 0x00007ffc08352000 	C:\WINDOWS\System32\gdi32full.dll
0x00007ffc01d20000 - 0x00007ffc01f9a000 	C:\WINDOWS\WinSxS\amd64_microsoft.windows.common-controls_6595b64144ccf1df_6.0.14393.953_none_42151e83c686086b\COMCTL32.dll
0x00007ffc0b3d0000 - 0x00007ffc0b698000 	C:\WINDOWS\System32\combase.dll
0x00007ffc08b60000 - 0x00007ffc08c55000 	C:\WINDOWS\System32\ucrtbase.dll
0x00007ffc08360000 - 0x00007ffc083ca000 	C:\WINDOWS\System32\bcryptPrimitives.dll
0x00007ffc08ff0000 - 0x00007ffc0901e000 	C:\WINDOWS\System32\IMM32.DLL
0x000000005f220000 - 0x000000005f2f2000 	C:\Program Files\Java\jre1.8.0_91\bin\msvcr100.dll
0x000000005f3d0000 - 0x000000005fc63000 	C:\Program Files\Java\jre1.8.0_91\bin\server\jvm.dll
0x00007ffc0b320000 - 0x00007ffc0b328000 	C:\WINDOWS\System32\PSAPI.DLL
0x00007ffc05db0000 - 0x00007ffc05dd3000 	C:\WINDOWS\SYSTEM32\WINMM.dll
0x00007ffbff260000 - 0x00007ffbff269000 	C:\WINDOWS\SYSTEM32\WSOCK32.dll
0x00007ffc0ac70000 - 0x00007ffc0acda000 	C:\WINDOWS\System32\WS2_32.dll
0x00007ffbfd800000 - 0x00007ffbfd80a000 	C:\WINDOWS\SYSTEM32\VERSION.dll
0x00007ffc05d50000 - 0x00007ffc05d7b000 	C:\WINDOWS\SYSTEM32\WINMMBASE.dll
0x00007ffc08fa0000 - 0x00007ffc08fe2000 	C:\WINDOWS\System32\cfgmgr32.dll
0x000000005f3c0000 - 0x000000005f3cf000 	C:\Program Files\Java\jre1.8.0_91\bin\verify.dll
0x000000005f390000 - 0x000000005f3b9000 	C:\Program Files\Java\jre1.8.0_91\bin\java.dll
0x000000005f1e0000 - 0x000000005f215000 	C:\Program Files\Java\jre1.8.0_91\bin\jdwp.dll
0x000000005f1d0000 - 0x000000005f1d8000 	C:\Program Files\Java\jre1.8.0_91\bin\npt.dll
0x000000005f370000 - 0x000000005f386000 	C:\Program Files\Java\jre1.8.0_91\bin\zip.dll
0x00007ffc094b0000 - 0x00007ffc0a9b9000 	C:\WINDOWS\System32\SHELL32.dll
0x00007ffc083d0000 - 0x00007ffc08aaa000 	C:\WINDOWS\System32\windows.storage.dll
0x00007ffc07ef0000 - 0x00007ffc07f3c000 	C:\WINDOWS\System32\powrprof.dll
0x00007ffc0ad40000 - 0x00007ffc0ad92000 	C:\WINDOWS\System32\shlwapi.dll
0x00007ffc07f40000 - 0x00007ffc07f4f000 	C:\WINDOWS\System32\kernel.appcore.dll
0x00007ffc08c60000 - 0x00007ffc08d09000 	C:\WINDOWS\System32\shcore.dll
0x00007ffc07ec0000 - 0x00007ffc07ed4000 	C:\WINDOWS\System32\profapi.dll
0x000000005f1c0000 - 0x000000005f1c9000 	C:\Program Files\Java\jre1.8.0_91\bin\dt_socket.dll
0x00007ffbfe570000 - 0x00007ffbfe586000 	C:\WINDOWS\system32\napinsp.dll
0x00007ffbfe590000 - 0x00007ffbfe5aa000 	C:\WINDOWS\system32\pnrpnsp.dll
0x00007ffc055c0000 - 0x00007ffc055d8000 	C:\WINDOWS\system32\NLAapi.dll
0x00007ffc07790000 - 0x00007ffc077ec000 	C:\WINDOWS\System32\mswsock.dll
0x00007ffc07550000 - 0x00007ffc075f1000 	C:\WINDOWS\SYSTEM32\DNSAPI.dll
0x00007ffc0b9b0000 - 0x00007ffc0b9b8000 	C:\WINDOWS\System32\NSI.dll
0x00007ffc07510000 - 0x00007ffc07548000 	C:\WINDOWS\SYSTEM32\IPHLPAPI.DLL
0x00007ffbff270000 - 0x00007ffbff27e000 	C:\WINDOWS\System32\winrnr.dll
0x00000000610e0000 - 0x0000000061106000 	C:\Program Files\Bonjour\mdnsNSP.dll
0x00007ffbff280000 - 0x00007ffbff295000 	C:\WINDOWS\System32\wshbth.dll
0x00007ffc01fa0000 - 0x00007ffc0200a000 	C:\WINDOWS\System32\fwpuclnt.dll
0x00007ffc07e00000 - 0x00007ffc07e2b000 	C:\WINDOWS\SYSTEM32\bcrypt.dll
0x00007ffbffcd0000 - 0x00007ffbffcda000 	C:\Windows\System32\rasadhlp.dll
0x00007ffbff0b0000 - 0x00007ffbff242000 	C:\WINDOWS\SYSTEM32\dbghelp.dll

VM Arguments:
jvm_args: -agentlib:jdwp=transport=dt_socket,suspend=y,address=localhost:59147 -Dfile.encoding=UTF-8 
java_command: com.heuber.po.GrupoPO
java_class_path (initial): C:\eclips mars\workspace\PjHeuberSysArma\target\classes;C:\Users\siqueira\.m2\repository\org\postgresql\postgresql\9.3-1100-jdbc41\postgresql-9.3-1100-jdbc41.jar;C:\Users\siqueira\.m2\repository\com\mchange\c3p0\0.9.5.2\c3p0-0.9.5.2.jar;C:\Users\siqueira\.m2\repository\com\mchange\mchange-commons-java\0.2.11\mchange-commons-java-0.2.11.jar;C:\Users\siqueira\.m2\repository\org\apache\commons\commons-lang3\3.1\commons-lang3-3.1.jar;C:\Users\siqueira\.m2\repository\unknown\binary\AbsoluteLayout\SNAPSHOT\AbsoluteLayout-SNAPSHOT.jar;C:\Users\siqueira\.m2\repository\org\eclipse\persistence\eclipselink\2.5.2\eclipselink-2.5.2.jar;C:\Users\siqueira\.m2\repository\org\eclipse\persistence\javax.persistence\2.1.0\javax.persistence-2.1.0.jar;C:\Users\siqueira\.m2\repository\org\eclipse\persistence\commonj.sdo\2.1.1\commonj.sdo-2.1.1.jar
Launcher Type: SUN_STANDARD

Environment Variables:
JAVA_HOME=C:\Program Files (x86)\Java\jdk1.8.0_73
PATH=C:/Program Files/Java/jre1.8.0_91/bin/server;C:/Program Files/Java/jre1.8.0_91/bin;C:/Program Files/Java/jre1.8.0_91/lib/amd64;C:\oraclexe\app\oracle\product\10.2.0\server\bin;C:\ProgramData\Oracle\Java\javapath;C:\Program Files (x86)\Intel\iCLS Client\;C:\Program Files\Intel\iCLS Client\;C:\WINDOWS\system32;C:\WINDOWS;C:\WINDOWS\System32\Wbem;C:\WINDOWS\System32\WindowsPowerShell\v1.0\;C:\Program Files\Intel\Intel(R) Management Engine Components\DAL;C:\Program Files\Intel\Intel(R) Management Engine Components\IPT;C:\Program Files (x86)\Intel\Intel(R) Management Engine Components\DAL;C:\Program Files (x86)\Intel\Intel(R) Management Engine Components\IPT;C:\Program Files\Samsung\AllShare Framework DMS\1.3.20\;C:\Program Files\Samsung\AllShare Framework DMS\1.3.20\64bit\;C:\Program Files (x86)\Java\jdk1.8.0_73\bin;C:\Program Files (x86)\Skype\Phone\;C:\Program Files\nodejs\;C:\Users\siqueira\AppData\Roaming\npm;C:\Program Files (x86)\Brackets\command;C:\Users\siqueira\Local\atom\bin;C:\Users\siqueira\AppData\Local\Microsoft\WindowsApps;C:\Program Files (x86)\Microsoft VS Code\bin;C:\Users\siqueira\AppData\Local\atom\bin;C:\eclips mars;
USERNAME=siqueira
OS=Windows_NT
PROCESSOR_IDENTIFIER=Intel64 Family 6 Model 58 Stepping 9, GenuineIntel



---------------  S Y S T E M  ---------------

OS: Windows 10.0 , 64 bit Build 14393 (10.0.14393.0)

CPU:total 4 (2 cores per cpu, 2 threads per core) family 6 model 58 stepping 9, cmov, cx8, fxsr, mmx, sse, sse2, sse3, ssse3, sse4.1, sse4.2, popcnt, avx, clmul, erms, ht, tsc, tscinvbit, tscinv

Memory: 4k page, physical 8261732k(4057436k free), swap 9900132k(3052848k free)

vm_info: Java HotSpot(TM) 64-Bit Server VM (25.91-b15) for windows-amd64 JRE (1.8.0_91-b15), built on May 20 2016 17:43:15 by "java_re" with MS VC++ 10.0 (VS2010)

time: Sat Apr 08 16:22:02 2017
elapsed time: 240 seconds (0d 0h 4m 0s)

